[2017-01-17 13:15:28] production.ERROR: exception 'Symfony\Component\Debug\Exception\FatalErrorException' with message 'Class 'App\Http\Controllers\Mail' not found' in /var/www/html/github-ittt/prdxn-ittt/app/Http/Controllers/EstimattionController.php:542
Stack trace:
#0 /var/www/html/github-ittt/prdxn-ittt/vendor/laravel/framework/src/Illuminate/Foundation/Bootstrap/HandleExceptions.php(133): Symfony\Component\Debug\Exception\FatalErrorException->__construct()
#1 /var/www/html/github-ittt/prdxn-ittt/vendor/laravel/framework/src/Illuminate/Foundation/Bootstrap/HandleExceptions.php(118): Illuminate\Foundation\Bootstrap\HandleExceptions->fatalExceptionFromError()
#2 /var/www/html/github-ittt/prdxn-ittt/vendor/laravel/framework/src/Illuminate/Foundation/Bootstrap/HandleExceptions.php(0): Illuminate\Foundation\Bootstrap\HandleExceptions->handleShutdown()
#3 /var/www/html/github-ittt/prdxn-ittt/vendor/laravel/framework/src/Illuminate/Routing/Controller.php(256): App\Http\Controllers\EstimattionController->test()
#4 /var/www/html/github-ittt/prdxn-ittt/vendor/laravel/framework/src/Illuminate/Routing/Controller.php(256): call_user_func_array()
#5 /var/www/html/github-ittt/prdxn-ittt/vendor/laravel/framework/src/Illuminate/Routing/ControllerDispatcher.php(164): Illuminate\Routing\Controller->callAction()
#6 /var/www/html/github-ittt/prdxn-ittt/vendor/laravel/framework/src/Illuminate/Routing/ControllerDispatcher.php(112): Illuminate\Routing\ControllerDispatcher->call()
#7 /var/www/html/github-ittt/prdxn-ittt/vendor/laravel/framework/src/Illuminate/Pipeline/Pipeline.php(139): Illuminate\Routing\ControllerDispatcher->Illuminate\Routing\{closure}()
#8 /var/www/html/github-ittt/prdxn-ittt/vendor/laravel/framework/src/Illuminate/Pipeline/Pipeline.php(139): call_user_func()
#9 /var/www/html/github-ittt/prdxn-ittt/vendor/laravel/framework/src/Illuminate/Pipeline/Pipeline.php(103): Illuminate\Pipeline\Pipeline->Illuminate\Pipeline\{closure}()
#10 /var/www/html/github-ittt/prdxn-ittt/vendor/laravel/framework/src/Illuminate/Pipeline/Pipeline.php(103): call_user_func()
#11 /var/www/html/github-ittt/prdxn-ittt/vendor/laravel/framework/src/Illuminate/Routing/ControllerDispatcher.php(114): Illuminate\Pipeline\Pipeline->then()
#12 /var/www/html/github-ittt/prdxn-ittt/vendor/laravel/framework/src/Illuminate/Routing/ControllerDispatcher.php(69): Illuminate\Routing\ControllerDispatcher->callWithinStack()
#13 /var/www/html/github-ittt/prdxn-ittt/vendor/laravel/framework/src/Illuminate/Routing/Route.php(203): Illuminate\Routing\ControllerDispatcher->dispatch()
#14 /var/www/html/github-ittt/prdxn-ittt/vendor/laravel/framework/src/Illuminate/Routing/Route.php(134): Illuminate\Routing\Route->runWithCustomDispatcher()
#15 /var/www/html/github-ittt/prdxn-ittt/vendor/laravel/framework/src/Illuminate/Routing/Router.php(708): Illuminate\Routing\Route->run()
#16 /var/www/html/github-ittt/prdxn-ittt/vendor/laravel/framework/src/Illuminate/Pipeline/Pipeline.php(139): Illuminate\Routing\Router->Illuminate\Routing\{closure}()
#17 /var/www/html/github-ittt/prdxn-ittt/vendor/laravel/framework/src/Illuminate/Pipeline/Pipeline.php(139): call_user_func()
#18 /var/www/html/github-ittt/prdxn-ittt/vendor/laravel/framework/src/Illuminate/Pipeline/Pipeline.php(103): Illuminate\Pipeline\Pipeline->Illuminate\Pipeline\{closure}()
#19 /var/www/html/github-ittt/prdxn-ittt/vendor/laravel/framework/src/Illuminate/Pipeline/Pipeline.php(103): call_user_func()
#20 /var/www/html/github-ittt/prdxn-ittt/vendor/laravel/framework/src/Illuminate/Routing/Router.php(710): Illuminate\Pipeline\Pipeline->then()
#21 /var/www/html/github-ittt/prdxn-ittt/vendor/laravel/framework/src/Illuminate/Routing/Router.php(675): Illuminate\Routing\Router->runRouteWithinStack()
#22 /var/www/html/github-ittt/prdxn-ittt/vendor/laravel/framework/src/Illuminate/Routing/Router.php(635): Illuminate\Routing\Router->dispatchToRoute()
#23 /var/www/html/github-ittt/prdxn-ittt/vendor/laravel/framework/src/Illuminate/Foundation/Http/Kernel.php(236): Illuminate\Routing\Router->dispatch()
#24 /var/www/html/github-ittt/prdxn-ittt/vendor/laravel/framework/src/Illuminate/Pipeline/Pipeline.php(139): Illuminate\Foundation\Http\Kernel->Illuminate\Foundation\Http\{closure}()
#25 /var/www/html/github-ittt/prdxn-ittt/vendor/laravel/framework/src/Illuminate/Pipeline/Pipeline.php(139): call_user_func()
#26 /var/www/html/github-ittt/prdxn-ittt/vendor/laravel/framework/src/Illuminate/View/Middleware/ShareErrorsFromSession.php(49): Illuminate\Pipeline\Pipeline->Illuminate\Pipeline\{closure}()
#27 /var/www/html/github-ittt/prdxn-ittt/vendor/laravel/framework/src/Illuminate/Pipeline/Pipeline.php(124): Illuminate\View\Middleware\ShareErrorsFromSession->handle()
#28 /var/www/html/github-ittt/prdxn-ittt/vendor/laravel/framework/src/Illuminate/Pipeline/Pipeline.php(124): call_user_func_array()
#29 /var/www/html/github-ittt/prdxn-ittt/vendor/laravel/framework/src/Illuminate/Session/Middleware/StartSession.php(62): Illuminate\Pipeline\Pipeline->Illuminate\Pipeline\{closure}()
#30 /var/www/html/github-ittt/prdxn-ittt/vendor/laravel/framework/src/Illuminate/Pipeline/Pipeline.php(124): Illuminate\Session\Middleware\StartSession->handle()
#31 /var/www/html/github-ittt/prdxn-ittt/vendor/laravel/framework/src/Illuminate/Pipeline/Pipeline.php(124): call_user_func_array()
#32 /var/www/html/github-ittt/prdxn-ittt/vendor/laravel/framework/src/Illuminate/Cookie/Middleware/AddQueuedCookiesToResponse.php(37): Illuminate\Pipeline\Pipeline->Illuminate\Pipeline\{closure}()
#33 /var/www/html/github-ittt/prdxn-ittt/vendor/laravel/framework/src/Illuminate/Pipeline/Pipeline.php(124): Illuminate\Cookie\Middleware\AddQueuedCookiesToResponse->handle()
#34 /var/www/html/github-ittt/prdxn-ittt/vendor/laravel/framework/src/Illuminate/Pipeline/Pipeline.php(124): call_user_func_array()
#35 /var/www/html/github-ittt/prdxn-ittt/vendor/laravel/framework/src/Illuminate/Cookie/Middleware/EncryptCookies.php(59): Illuminate\Pipeline\Pipeline->Illuminate\Pipeline\{closure}()
#36 /var/www/html/github-ittt/prdxn-ittt/vendor/laravel/framework/src/Illuminate/Pipeline/Pipeline.php(124): Illuminate\Cookie\Middleware\EncryptCookies->handle()
#37 /var/www/html/github-ittt/prdxn-ittt/vendor/laravel/framework/src/Illuminate/Pipeline/Pipeline.php(124): call_user_func_array()
#38 /var/www/html/github-ittt/prdxn-ittt/vendor/laravel/framework/src/Illuminate/Foundation/Http/Middleware/CheckForMaintenanceMode.php(44): Illuminate\Pipeline\Pipeline->Illuminate\Pipeline\{closure}()
#39 /var/www/html/github-ittt/prdxn-ittt/vendor/laravel/framework/src/Illuminate/Pipeline/Pipeline.php(124): Illuminate\Foundation\Http\Middleware\CheckForMaintenanceMode->handle()
#40 /var/www/html/github-ittt/prdxn-ittt/vendor/laravel/framework/src/Illuminate/Pipeline/Pipeline.php(124): call_user_func_array()
#41 /var/www/html/github-ittt/prdxn-ittt/vendor/laravel/framework/src/Illuminate/Pipeline/Pipeline.php(103): Illuminate\Pipeline\Pipeline->Illuminate\Pipeline\{closure}()
#42 /var/www/html/github-ittt/prdxn-ittt/vendor/laravel/framework/src/Illuminate/Pipeline/Pipeline.php(103): call_user_func()
#43 /var/www/html/github-ittt/prdxn-ittt/vendor/laravel/framework/src/Illuminate/Foundation/Http/Kernel.php(122): Illuminate\Pipeline\Pipeline->then()
#44 /var/www/html/github-ittt/prdxn-ittt/vendor/laravel/framework/src/Illuminate/Foundation/Http/Kernel.php(87): Illuminate\Foundation\Http\Kernel->sendRequestThroughRouter()
#45 /var/www/html/github-ittt/prdxn-ittt/public/index.php(54): Illuminate\Foundation\Http\Kernel->handle()
#46 /var/www/html/github-ittt/prdxn-ittt/server.php(21): ()
#47 /var/www/html/github-ittt/prdxn-ittt/server.php(0): {main}()
#48 {main}  
[2017-01-17 14:39:27] production.ERROR: exception 'Symfony\Component\Debug\Exception\FatalErrorException' with message 'syntax error, unexpected 'where' (T_STRING)' in /var/www/html/github-ittt/prdxn-ittt/app/Http/Controllers/EstimattionController.php:512
Stack trace:
#0 /var/www/html/github-ittt/prdxn-ittt/vendor/laravel/framework/src/Illuminate/Foundation/Bootstrap/HandleExceptions.php(133): Symfony\Component\Debug\Exception\FatalErrorException->__construct()
#1 /var/www/html/github-ittt/prdxn-ittt/vendor/laravel/framework/src/Illuminate/Foundation/Bootstrap/HandleExceptions.php(118): Illuminate\Foundation\Bootstrap\HandleExceptions->fatalExceptionFromError()
#2 /var/www/html/github-ittt/prdxn-ittt/vendor/laravel/framework/src/Illuminate/Foundation/Bootstrap/HandleExceptions.php(0): Illuminate\Foundation\Bootstrap\HandleExceptions->handleShutdown()
#3 /var/www/html/github-ittt/prdxn-ittt/vendor/composer/ClassLoader.php(301): Composer\Autoload\includeFile()
#4 /var/www/html/github-ittt/prdxn-ittt/vendor/laravel/framework/src/Illuminate/Container/Container.php(0): Composer\Autoload\ClassLoader->loadClass()
#5 /var/www/html/github-ittt/prdxn-ittt/vendor/laravel/framework/src/Illuminate/Container/Container.php(741): spl_autoload_call()
#6 /var/www/html/github-ittt/prdxn-ittt/vendor/laravel/framework/src/Illuminate/Container/Container.php(741): ReflectionClass->__construct()
#7 /var/www/html/github-ittt/prdxn-ittt/vendor/laravel/framework/src/Illuminate/Container/Container.php(631): Illuminate\Container\Container->build()
#8 /var/www/html/github-ittt/prdxn-ittt/vendor/laravel/framework/src/Illuminate/Foundation/Application.php(674): Illuminate\Container\Container->make()
#9 /var/www/html/github-ittt/prdxn-ittt/vendor/laravel/framework/src/Illuminate/Routing/ControllerDispatcher.php(85): Illuminate\Foundation\Application->make()
#10 /var/www/html/github-ittt/prdxn-ittt/vendor/laravel/framework/src/Illuminate/Routing/ControllerDispatcher.php(57): Illuminate\Routing\ControllerDispatcher->makeController()
#11 /var/www/html/github-ittt/prdxn-ittt/vendor/laravel/framework/src/Illuminate/Routing/Route.php(203): Illuminate\Routing\ControllerDispatcher->dispatch()
#12 /var/www/html/github-ittt/prdxn-ittt/vendor/laravel/framework/src/Illuminate/Routing/Route.php(134): Illuminate\Routing\Route->runWithCustomDispatcher()
#13 /var/www/html/github-ittt/prdxn-ittt/vendor/laravel/framework/src/Illuminate/Routing/Router.php(708): Illuminate\Routing\Route->run()
#14 /var/www/html/github-ittt/prdxn-ittt/vendor/laravel/framework/src/Illuminate/Pipeline/Pipeline.php(139): Illuminate\Routing\Router->Illuminate\Routing\{closure}()
#15 /var/www/html/github-ittt/prdxn-ittt/vendor/laravel/framework/src/Illuminate/Pipeline/Pipeline.php(139): call_user_func()
#16 /var/www/html/github-ittt/prdxn-ittt/vendor/laravel/framework/src/Illuminate/Pipeline/Pipeline.php(103): Illuminate\Pipeline\Pipeline->Illuminate\Pipeline\{closure}()
#17 /var/www/html/github-ittt/prdxn-ittt/vendor/laravel/framework/src/Illuminate/Pipeline/Pipeline.php(103): call_user_func()
#18 /var/www/html/github-ittt/prdxn-ittt/vendor/laravel/framework/src/Illuminate/Routing/Router.php(710): Illuminate\Pipeline\Pipeline->then()
#19 /var/www/html/github-ittt/prdxn-ittt/vendor/laravel/framework/src/Illuminate/Routing/Router.php(675): Illuminate\Routing\Router->runRouteWithinStack()
#20 /var/www/html/github-ittt/prdxn-ittt/vendor/laravel/framework/src/Illuminate/Routing/Router.php(635): Illuminate\Routing\Router->dispatchToRoute()
#21 /var/www/html/github-ittt/prdxn-ittt/vendor/laravel/framework/src/Illuminate/Foundation/Http/Kernel.php(236): Illuminate\Routing\Router->dispatch()
#22 /var/www/html/github-ittt/prdxn-ittt/vendor/laravel/framework/src/Illuminate/Pipeline/Pipeline.php(139): Illuminate\Foundation\Http\Kernel->Illuminate\Foundation\Http\{closure}()
#23 /var/www/html/github-ittt/prdxn-ittt/vendor/laravel/framework/src/Illuminate/Pipeline/Pipeline.php(139): call_user_func()
#24 /var/www/html/github-ittt/prdxn-ittt/vendor/laravel/framework/src/Illuminate/View/Middleware/ShareErrorsFromSession.php(49): Illuminate\Pipeline\Pipeline->Illuminate\Pipeline\{closure}()
#25 /var/www/html/github-ittt/prdxn-ittt/vendor/laravel/framework/src/Illuminate/Pipeline/Pipeline.php(124): Illuminate\View\Middleware\ShareErrorsFromSession->handle()
#26 /var/www/html/github-ittt/prdxn-ittt/vendor/laravel/framework/src/Illuminate/Pipeline/Pipeline.php(124): call_user_func_array()
#27 /var/www/html/github-ittt/prdxn-ittt/vendor/laravel/framework/src/Illuminate/Session/Middleware/StartSession.php(62): Illuminate\Pipeline\Pipeline->Illuminate\Pipeline\{closure}()
#28 /var/www/html/github-ittt/prdxn-ittt/vendor/laravel/framework/src/Illuminate/Pipeline/Pipeline.php(124): Illuminate\Session\Middleware\StartSession->handle()
#29 /var/www/html/github-ittt/prdxn-ittt/vendor/laravel/framework/src/Illuminate/Pipeline/Pipeline.php(124): call_user_func_array()
#30 /var/www/html/github-ittt/prdxn-ittt/vendor/laravel/framework/src/Illuminate/Cookie/Middleware/AddQueuedCookiesToResponse.php(37): Illuminate\Pipeline\Pipeline->Illuminate\Pipeline\{closure}()
#31 /var/www/html/github-ittt/prdxn-ittt/vendor/laravel/framework/src/Illuminate/Pipeline/Pipeline.php(124): Illuminate\Cookie\Middleware\AddQueuedCookiesToResponse->handle()
#32 /var/www/html/github-ittt/prdxn-ittt/vendor/laravel/framework/src/Illuminate/Pipeline/Pipeline.php(124): call_user_func_array()
#33 /var/www/html/github-ittt/prdxn-ittt/vendor/laravel/framework/src/Illuminate/Cookie/Middleware/EncryptCookies.php(59): Illuminate\Pipeline\Pipeline->Illuminate\Pipeline\{closure}()
#34 /var/www/html/github-ittt/prdxn-ittt/vendor/laravel/framework/src/Illuminate/Pipeline/Pipeline.php(124): Illuminate\Cookie\Middleware\EncryptCookies->handle()
#35 /var/www/html/github-ittt/prdxn-ittt/vendor/laravel/framework/src/Illuminate/Pipeline/Pipeline.php(124): call_user_func_array()
#36 /var/www/html/github-ittt/prdxn-ittt/vendor/laravel/framework/src/Illuminate/Foundation/Http/Middleware/CheckForMaintenanceMode.php(44): Illuminate\Pipeline\Pipeline->Illuminate\Pipeline\{closure}()
#37 /var/www/html/github-ittt/prdxn-ittt/vendor/laravel/framework/src/Illuminate/Pipeline/Pipeline.php(124): Illuminate\Foundation\Http\Middleware\CheckForMaintenanceMode->handle()
#38 /var/www/html/github-ittt/prdxn-ittt/vendor/laravel/framework/src/Illuminate/Pipeline/Pipeline.php(124): call_user_func_array()
#39 /var/www/html/github-ittt/prdxn-ittt/vendor/laravel/framework/src/Illuminate/Pipeline/Pipeline.php(103): Illuminate\Pipeline\Pipeline->Illuminate\Pipeline\{closure}()
#40 /var/www/html/github-ittt/prdxn-ittt/vendor/laravel/framework/src/Illuminate/Pipeline/Pipeline.php(103): call_user_func()
#41 /var/www/html/github-ittt/prdxn-ittt/vendor/laravel/framework/src/Illuminate/Foundation/Http/Kernel.php(122): Illuminate\Pipeline\Pipeline->then()
#42 /var/www/html/github-ittt/prdxn-ittt/vendor/laravel/framework/src/Illuminate/Foundation/Http/Kernel.php(87): Illuminate\Foundation\Http\Kernel->sendRequestThroughRouter()
#43 /var/www/html/github-ittt/prdxn-ittt/public/index.php(54): Illuminate\Foundation\Http\Kernel->handle()
#44 /var/www/html/github-ittt/prdxn-ittt/server.php(21): ()
#45 /var/www/html/github-ittt/prdxn-ittt/server.php(0): {main}()
#46 {main}  
[2017-01-17 14:39:45] production.ERROR: exception 'PDOException' with message 'SQLSTATE[42S22]: Column not found: 1054 Unknown column 'status' in 'where clause'' in /var/www/html/github-ittt/prdxn-ittt/vendor/laravel/framework/src/Illuminate/Database/Connection.php:319
Stack trace:
#0 /var/www/html/github-ittt/prdxn-ittt/vendor/laravel/framework/src/Illuminate/Database/Connection.php(319): PDO->prepare('select * from `...')
#1 /var/www/html/github-ittt/prdxn-ittt/vendor/laravel/framework/src/Illuminate/Database/Connection.php(655): Illuminate\Database\Connection->Illuminate\Database\{closure}(Object(Illuminate\Database\MySqlConnection), 'select * from `...', Array)
#2 /var/www/html/github-ittt/prdxn-ittt/vendor/laravel/framework/src/Illuminate/Database/Connection.php(618): Illuminate\Database\Connection->runQueryCallback('select * from `...', Array, Object(Closure))
#3 /var/www/html/github-ittt/prdxn-ittt/vendor/laravel/framework/src/Illuminate/Database/Connection.php(324): Illuminate\Database\Connection->run('select * from `...', Array, Object(Closure))
#4 /var/www/html/github-ittt/prdxn-ittt/vendor/laravel/framework/src/Illuminate/Database/Query/Builder.php(1431): Illuminate\Database\Connection->select('select * from `...', Array, true)
#5 /var/www/html/github-ittt/prdxn-ittt/vendor/laravel/framework/src/Illuminate/Database/Query/Builder.php(1408): Illuminate\Database\Query\Builder->runSelect()
#6 /var/www/html/github-ittt/prdxn-ittt/app/Http/Controllers/EstimattionController.php(512): Illuminate\Database\Query\Builder->get()
#7 [internal function]: App\Http\Controllers\EstimattionController->test()
#8 /var/www/html/github-ittt/prdxn-ittt/vendor/laravel/framework/src/Illuminate/Routing/Controller.php(256): call_user_func_array(Array, Array)
#9 /var/www/html/github-ittt/prdxn-ittt/vendor/laravel/framework/src/Illuminate/Routing/ControllerDispatcher.php(164): Illuminate\Routing\Controller->callAction('test', Array)
#10 /var/www/html/github-ittt/prdxn-ittt/vendor/laravel/framework/src/Illuminate/Routing/ControllerDispatcher.php(112): Illuminate\Routing\ControllerDispatcher->call(Object(App\Http\Controllers\EstimattionController), Object(Illuminate\Routing\Route), 'test')
#11 [internal function]: Illuminate\Routing\ControllerDispatcher->Illuminate\Routing\{closure}(Object(Illuminate\Http\Request))
#12 /var/www/html/github-ittt/prdxn-ittt/vendor/laravel/framework/src/Illuminate/Pipeline/Pipeline.php(139): call_user_func(Object(Closure), Object(Illuminate\Http\Request))
#13 [internal function]: Illuminate\Pipeline\Pipeline->Illuminate\Pipeline\{closure}(Object(Illuminate\Http\Request))
#14 /var/www/html/github-ittt/prdxn-ittt/vendor/laravel/framework/src/Illuminate/Pipeline/Pipeline.php(103): call_user_func(Object(Closure), Object(Illuminate\Http\Request))
#15 /var/www/html/github-ittt/prdxn-ittt/vendor/laravel/framework/src/Illuminate/Routing/ControllerDispatcher.php(114): Illuminate\Pipeline\Pipeline->then(Object(Closure))
#16 /var/www/html/github-ittt/prdxn-ittt/vendor/laravel/framework/src/Illuminate/Routing/ControllerDispatcher.php(69): Illuminate\Routing\ControllerDispatcher->callWithinStack(Object(App\Http\Controllers\EstimattionController), Object(Illuminate\Routing\Route), Object(Illuminate\Http\Request), 'test')
#17 /var/www/html/github-ittt/prdxn-ittt/vendor/laravel/framework/src/Illuminate/Routing/Route.php(203): Illuminate\Routing\ControllerDispatcher->dispatch(Object(Illuminate\Routing\Route), Object(Illuminate\Http\Request), 'App\Http\Contro...', 'test')
#18 /var/www/html/github-ittt/prdxn-ittt/vendor/laravel/framework/src/Illuminate/Routing/Route.php(134): Illuminate\Routing\Route->runWithCustomDispatcher(Object(Illuminate\Http\Request))
#19 /var/www/html/github-ittt/prdxn-ittt/vendor/laravel/framework/src/Illuminate/Routing/Router.php(708): Illuminate\Routing\Route->run(Object(Illuminate\Http\Request))
#20 [internal function]: Illuminate\Routing\Router->Illuminate\Routing\{closure}(Object(Illuminate\Http\Request))
#21 /var/www/html/github-ittt/prdxn-ittt/vendor/laravel/framework/src/Illuminate/Pipeline/Pipeline.php(139): call_user_func(Object(Closure), Object(Illuminate\Http\Request))
#22 [internal function]: Illuminate\Pipeline\Pipeline->Illuminate\Pipeline\{closure}(Object(Illuminate\Http\Request))
#23 /var/www/html/github-ittt/prdxn-ittt/vendor/laravel/framework/src/Illuminate/Pipeline/Pipeline.php(103): call_user_func(Object(Closure), Object(Illuminate\Http\Request))
#24 /var/www/html/github-ittt/prdxn-ittt/vendor/laravel/framework/src/Illuminate/Routing/Router.php(710): Illuminate\Pipeline\Pipeline->then(Object(Closure))
#25 /var/www/html/github-ittt/prdxn-ittt/vendor/laravel/framework/src/Illuminate/Routing/Router.php(675): Illuminate\Routing\Router->runRouteWithinStack(Object(Illuminate\Routing\Route), Object(Illuminate\Http\Request))
#26 /var/www/html/github-ittt/prdxn-ittt/vendor/laravel/framework/src/Illuminate/Routing/Router.php(635): Illuminate\Routing\Router->dispatchToRoute(Object(Illuminate\Http\Request))
#27 /var/www/html/github-ittt/prdxn-ittt/vendor/laravel/framework/src/Illuminate/Foundation/Http/Kernel.php(236): Illuminate\Routing\Router->dispatch(Object(Illuminate\Http\Request))
#28 [internal function]: Illuminate\Foundation\Http\Kernel->Illuminate\Foundation\Http\{closure}(Object(Illuminate\Http\Request))
#29 /var/www/html/github-ittt/prdxn-ittt/vendor/laravel/framework/src/Illuminate/Pipeline/Pipeline.php(139): call_user_func(Object(Closure), Object(Illuminate\Http\Request))
#30 /var/www/html/github-ittt/prdxn-ittt/vendor/laravel/framework/src/Illuminate/View/Middleware/ShareErrorsFromSession.php(49): Illuminate\Pipeline\Pipeline->Illuminate\Pipeline\{closure}(Object(Illuminate\Http\Request))
#31 [internal function]: Illuminate\View\Middleware\ShareErrorsFromSession->handle(Object(Illuminate\Http\Request), Object(Closure))
#32 /var/www/html/github-ittt/prdxn-ittt/vendor/laravel/framework/src/Illuminate/Pipeline/Pipeline.php(124): call_user_func_array(Array, Array)
#33 /var/www/html/github-ittt/prdxn-ittt/vendor/laravel/framework/src/Illuminate/Session/Middleware/StartSession.php(62): Illuminate\Pipeline\Pipeline->Illuminate\Pipeline\{closure}(Object(Illuminate\Http\Request))
#34 [internal function]: Illuminate\Session\Middleware\StartSession->handle(Object(Illuminate\Http\Request), Object(Closure))
#35 /var/www/html/github-ittt/prdxn-ittt/vendor/laravel/framework/src/Illuminate/Pipeline/Pipeline.php(124): call_user_func_array(Array, Array)
#36 /var/www/html/github-ittt/prdxn-ittt/vendor/laravel/framework/src/Illuminate/Cookie/Middleware/AddQueuedCookiesToResponse.php(37): Illuminate\Pipeline\Pipeline->Illuminate\Pipeline\{closure}(Object(Illuminate\Http\Request))
#37 [internal function]: Illuminate\Cookie\Middleware\AddQueuedCookiesToResponse->handle(Object(Illuminate\Http\Request), Object(Closure))
#38 /var/www/html/github-ittt/prdxn-ittt/vendor/laravel/framework/src/Illuminate/Pipeline/Pipeline.php(124): call_user_func_array(Array, Array)
#39 /var/www/html/github-ittt/prdxn-ittt/vendor/laravel/framework/src/Illuminate/Cookie/Middleware/EncryptCookies.php(59): Illuminate\Pipeline\Pipeline->Illuminate\Pipeline\{closure}(Object(Illuminate\Http\Request))
#40 [internal function]: Illuminate\Cookie\Middleware\EncryptCookies->handle(Object(Illuminate\Http\Request), Object(Closure))
#41 /var/www/html/github-ittt/prdxn-ittt/vendor/laravel/framework/src/Illuminate/Pipeline/Pipeline.php(124): call_user_func_array(Array, Array)
#42 /var/www/html/github-ittt/prdxn-ittt/vendor/laravel/framework/src/Illuminate/Foundation/Http/Middleware/CheckForMaintenanceMode.php(44): Illuminate\Pipeline\Pipeline->Illuminate\Pipeline\{closure}(Object(Illuminate\Http\Request))
#43 [internal function]: Illuminate\Foundation\Http\Middleware\CheckForMaintenanceMode->handle(Object(Illuminate\Http\Request), Object(Closure))
#44 /var/www/html/github-ittt/prdxn-ittt/vendor/laravel/framework/src/Illuminate/Pipeline/Pipeline.php(124): call_user_func_array(Array, Array)
#45 [internal function]: Illuminate\Pipeline\Pipeline->Illuminate\Pipeline\{closure}(Object(Illuminate\Http\Request))
#46 /var/www/html/github-ittt/prdxn-ittt/vendor/laravel/framework/src/Illuminate/Pipeline/Pipeline.php(103): call_user_func(Object(Closure), Object(Illuminate\Http\Request))
#47 /var/www/html/github-ittt/prdxn-ittt/vendor/laravel/framework/src/Illuminate/Foundation/Http/Kernel.php(122): Illuminate\Pipeline\Pipeline->then(Object(Closure))
#48 /var/www/html/github-ittt/prdxn-ittt/vendor/laravel/framework/src/Illuminate/Foundation/Http/Kernel.php(87): Illuminate\Foundation\Http\Kernel->sendRequestThroughRouter(Object(Illuminate\Http\Request))
#49 /var/www/html/github-ittt/prdxn-ittt/public/index.php(54): Illuminate\Foundation\Http\Kernel->handle(Object(Illuminate\Http\Request))
#50 /var/www/html/github-ittt/prdxn-ittt/server.php(21): require_once('/var/www/html/g...')
#51 {main}

Next exception 'Illuminate\Database\QueryException' with message 'SQLSTATE[42S22]: Column not found: 1054 Unknown column 'status' in 'where clause' (SQL: select * from `add_projects` where `status` <> 4 and `is_deleted` = 0 and `is_archived` = 0)' in /var/www/html/github-ittt/prdxn-ittt/vendor/laravel/framework/src/Illuminate/Database/Connection.php:662
Stack trace:
#0 /var/www/html/github-ittt/prdxn-ittt/vendor/laravel/framework/src/Illuminate/Database/Connection.php(618): Illuminate\Database\Connection->runQueryCallback('select * from `...', Array, Object(Closure))
#1 /var/www/html/github-ittt/prdxn-ittt/vendor/laravel/framework/src/Illuminate/Database/Connection.php(324): Illuminate\Database\Connection->run('select * from `...', Array, Object(Closure))
#2 /var/www/html/github-ittt/prdxn-ittt/vendor/laravel/framework/src/Illuminate/Database/Query/Builder.php(1431): Illuminate\Database\Connection->select('select * from `...', Array, true)
#3 /var/www/html/github-ittt/prdxn-ittt/vendor/laravel/framework/src/Illuminate/Database/Query/Builder.php(1408): Illuminate\Database\Query\Builder->runSelect()
#4 /var/www/html/github-ittt/prdxn-ittt/app/Http/Controllers/EstimattionController.php(512): Illuminate\Database\Query\Builder->get()
#5 [internal function]: App\Http\Controllers\EstimattionController->test()
#6 /var/www/html/github-ittt/prdxn-ittt/vendor/laravel/framework/src/Illuminate/Routing/Controller.php(256): call_user_func_array(Array, Array)
#7 /var/www/html/github-ittt/prdxn-ittt/vendor/laravel/framework/src/Illuminate/Routing/ControllerDispatcher.php(164): Illuminate\Routing\Controller->callAction('test', Array)
#8 /var/www/html/github-ittt/prdxn-ittt/vendor/laravel/framework/src/Illuminate/Routing/ControllerDispatcher.php(112): Illuminate\Routing\ControllerDispatcher->call(Object(App\Http\Controllers\EstimattionController), Object(Illuminate\Routing\Route), 'test')
#9 [internal function]: Illuminate\Routing\ControllerDispatcher->Illuminate\Routing\{closure}(Object(Illuminate\Http\Request))
#10 /var/www/html/github-ittt/prdxn-ittt/vendor/laravel/framework/src/Illuminate/Pipeline/Pipeline.php(139): call_user_func(Object(Closure), Object(Illuminate\Http\Request))
#11 [internal function]: Illuminate\Pipeline\Pipeline->Illuminate\Pipeline\{closure}(Object(Illuminate\Http\Request))
#12 /var/www/html/github-ittt/prdxn-ittt/vendor/laravel/framework/src/Illuminate/Pipeline/Pipeline.php(103): call_user_func(Object(Closure), Object(Illuminate\Http\Request))
#13 /var/www/html/github-ittt/prdxn-ittt/vendor/laravel/framework/src/Illuminate/Routing/ControllerDispatcher.php(114): Illuminate\Pipeline\Pipeline->then(Object(Closure))
#14 /var/www/html/github-ittt/prdxn-ittt/vendor/laravel/framework/src/Illuminate/Routing/ControllerDispatcher.php(69): Illuminate\Routing\ControllerDispatcher->callWithinStack(Object(App\Http\Controllers\EstimattionController), Object(Illuminate\Routing\Route), Object(Illuminate\Http\Request), 'test')
#15 /var/www/html/github-ittt/prdxn-ittt/vendor/laravel/framework/src/Illuminate/Routing/Route.php(203): Illuminate\Routing\ControllerDispatcher->dispatch(Object(Illuminate\Routing\Route), Object(Illuminate\Http\Request), 'App\Http\Contro...', 'test')
#16 /var/www/html/github-ittt/prdxn-ittt/vendor/laravel/framework/src/Illuminate/Routing/Route.php(134): Illuminate\Routing\Route->runWithCustomDispatcher(Object(Illuminate\Http\Request))
#17 /var/www/html/github-ittt/prdxn-ittt/vendor/laravel/framework/src/Illuminate/Routing/Router.php(708): Illuminate\Routing\Route->run(Object(Illuminate\Http\Request))
#18 [internal function]: Illuminate\Routing\Router->Illuminate\Routing\{closure}(Object(Illuminate\Http\Request))
#19 /var/www/html/github-ittt/prdxn-ittt/vendor/laravel/framework/src/Illuminate/Pipeline/Pipeline.php(139): call_user_func(Object(Closure), Object(Illuminate\Http\Request))
#20 [internal function]: Illuminate\Pipeline\Pipeline->Illuminate\Pipeline\{closure}(Object(Illuminate\Http\Request))
#21 /var/www/html/github-ittt/prdxn-ittt/vendor/laravel/framework/src/Illuminate/Pipeline/Pipeline.php(103): call_user_func(Object(Closure), Object(Illuminate\Http\Request))
#22 /var/www/html/github-ittt/prdxn-ittt/vendor/laravel/framework/src/Illuminate/Routing/Router.php(710): Illuminate\Pipeline\Pipeline->then(Object(Closure))
#23 /var/www/html/github-ittt/prdxn-ittt/vendor/laravel/framework/src/Illuminate/Routing/Router.php(675): Illuminate\Routing\Router->runRouteWithinStack(Object(Illuminate\Routing\Route), Object(Illuminate\Http\Request))
#24 /var/www/html/github-ittt/prdxn-ittt/vendor/laravel/framework/src/Illuminate/Routing/Router.php(635): Illuminate\Routing\Router->dispatchToRoute(Object(Illuminate\Http\Request))
#25 /var/www/html/github-ittt/prdxn-ittt/vendor/laravel/framework/src/Illuminate/Foundation/Http/Kernel.php(236): Illuminate\Routing\Router->dispatch(Object(Illuminate\Http\Request))
#26 [internal function]: Illuminate\Foundation\Http\Kernel->Illuminate\Foundation\Http\{closure}(Object(Illuminate\Http\Request))
#27 /var/www/html/github-ittt/prdxn-ittt/vendor/laravel/framework/src/Illuminate/Pipeline/Pipeline.php(139): call_user_func(Object(Closure), Object(Illuminate\Http\Request))
#28 /var/www/html/github-ittt/prdxn-ittt/vendor/laravel/framework/src/Illuminate/View/Middleware/ShareErrorsFromSession.php(49): Illuminate\Pipeline\Pipeline->Illuminate\Pipeline\{closure}(Object(Illuminate\Http\Request))
#29 [internal function]: Illuminate\View\Middleware\ShareErrorsFromSession->handle(Object(Illuminate\Http\Request), Object(Closure))
#30 /var/www/html/github-ittt/prdxn-ittt/vendor/laravel/framework/src/Illuminate/Pipeline/Pipeline.php(124): call_user_func_array(Array, Array)
#31 /var/www/html/github-ittt/prdxn-ittt/vendor/laravel/framework/src/Illuminate/Session/Middleware/StartSession.php(62): Illuminate\Pipeline\Pipeline->Illuminate\Pipeline\{closure}(Object(Illuminate\Http\Request))
#32 [internal function]: Illuminate\Session\Middleware\StartSession->handle(Object(Illuminate\Http\Request), Object(Closure))
#33 /var/www/html/github-ittt/prdxn-ittt/vendor/laravel/framework/src/Illuminate/Pipeline/Pipeline.php(124): call_user_func_array(Array, Array)
#34 /var/www/html/github-ittt/prdxn-ittt/vendor/laravel/framework/src/Illuminate/Cookie/Middleware/AddQueuedCookiesToResponse.php(37): Illuminate\Pipeline\Pipeline->Illuminate\Pipeline\{closure}(Object(Illuminate\Http\Request))
#35 [internal function]: Illuminate\Cookie\Middleware\AddQueuedCookiesToResponse->handle(Object(Illuminate\Http\Request), Object(Closure))
#36 /var/www/html/github-ittt/prdxn-ittt/vendor/laravel/framework/src/Illuminate/Pipeline/Pipeline.php(124): call_user_func_array(Array, Array)
#37 /var/www/html/github-ittt/prdxn-ittt/vendor/laravel/framework/src/Illuminate/Cookie/Middleware/EncryptCookies.php(59): Illuminate\Pipeline\Pipeline->Illuminate\Pipeline\{closure}(Object(Illuminate\Http\Request))
#38 [internal function]: Illuminate\Cookie\Middleware\EncryptCookies->handle(Object(Illuminate\Http\Request), Object(Closure))
#39 /var/www/html/github-ittt/prdxn-ittt/vendor/laravel/framework/src/Illuminate/Pipeline/Pipeline.php(124): call_user_func_array(Array, Array)
#40 /var/www/html/github-ittt/prdxn-ittt/vendor/laravel/framework/src/Illuminate/Foundation/Http/Middleware/CheckForMaintenanceMode.php(44): Illuminate\Pipeline\Pipeline->Illuminate\Pipeline\{closure}(Object(Illuminate\Http\Request))
#41 [internal function]: Illuminate\Foundation\Http\Middleware\CheckForMaintenanceMode->handle(Object(Illuminate\Http\Request), Object(Closure))
#42 /var/www/html/github-ittt/prdxn-ittt/vendor/laravel/framework/src/Illuminate/Pipeline/Pipeline.php(124): call_user_func_array(Array, Array)
#43 [internal function]: Illuminate\Pipeline\Pipeline->Illuminate\Pipeline\{closure}(Object(Illuminate\Http\Request))
#44 /var/www/html/github-ittt/prdxn-ittt/vendor/laravel/framework/src/Illuminate/Pipeline/Pipeline.php(103): call_user_func(Object(Closure), Object(Illuminate\Http\Request))
#45 /var/www/html/github-ittt/prdxn-ittt/vendor/laravel/framework/src/Illuminate/Foundation/Http/Kernel.php(122): Illuminate\Pipeline\Pipeline->then(Object(Closure))
#46 /var/www/html/github-ittt/prdxn-ittt/vendor/laravel/framework/src/Illuminate/Foundation/Http/Kernel.php(87): Illuminate\Foundation\Http\Kernel->sendRequestThroughRouter(Object(Illuminate\Http\Request))
#47 /var/www/html/github-ittt/prdxn-ittt/public/index.php(54): Illuminate\Foundation\Http\Kernel->handle(Object(Illuminate\Http\Request))
#48 /var/www/html/github-ittt/prdxn-ittt/server.php(21): require_once('/var/www/html/g...')
#49 {main}  
[2017-01-17 14:50:38] production.ERROR: exception 'Symfony\Component\Debug\Exception\FatalErrorException' with message 'Class 'App\Commands\Command' not found' in /var/www/html/github-ittt/prdxn-ittt/app/Console/Commands/escalation.php:8
Stack trace:
#0 /var/www/html/github-ittt/prdxn-ittt/vendor/laravel/framework/src/Illuminate/Foundation/Bootstrap/HandleExceptions.php(133): Symfony\Component\Debug\Exception\FatalErrorException->__construct()
#1 /var/www/html/github-ittt/prdxn-ittt/vendor/laravel/framework/src/Illuminate/Foundation/Bootstrap/HandleExceptions.php(118): Illuminate\Foundation\Bootstrap\HandleExceptions->fatalExceptionFromError()
#2 /var/www/html/github-ittt/prdxn-ittt/vendor/laravel/framework/src/Illuminate/Foundation/Bootstrap/HandleExceptions.php(0): Illuminate\Foundation\Bootstrap\HandleExceptions->handleShutdown()
#3 /var/www/html/github-ittt/prdxn-ittt/vendor/composer/ClassLoader.php(412): ()
#4 /var/www/html/github-ittt/prdxn-ittt/vendor/composer/ClassLoader.php(301): Composer\Autoload\includeFile()
#5 /var/www/html/github-ittt/prdxn-ittt/vendor/laravel/framework/src/Illuminate/Container/Container.php(0): Composer\Autoload\ClassLoader->loadClass()
#6 /var/www/html/github-ittt/prdxn-ittt/vendor/laravel/framework/src/Illuminate/Container/Container.php(741): spl_autoload_call()
#7 /var/www/html/github-ittt/prdxn-ittt/vendor/laravel/framework/src/Illuminate/Container/Container.php(741): ReflectionClass->__construct()
#8 /var/www/html/github-ittt/prdxn-ittt/vendor/laravel/framework/src/Illuminate/Container/Container.php(631): Illuminate\Container\Container->build()
#9 /var/www/html/github-ittt/prdxn-ittt/vendor/laravel/framework/src/Illuminate/Foundation/Application.php(674): Illuminate\Container\Container->make()
#10 /var/www/html/github-ittt/prdxn-ittt/vendor/laravel/framework/src/Illuminate/Console/Application.php(115): Illuminate\Foundation\Application->make()
#11 /var/www/html/github-ittt/prdxn-ittt/vendor/laravel/framework/src/Illuminate/Console/Application.php(129): Illuminate\Console\Application->resolve()
#12 /var/www/html/github-ittt/prdxn-ittt/vendor/laravel/framework/src/Illuminate/Foundation/Console/Kernel.php(226): Illuminate\Console\Application->resolveCommands()
#13 /var/www/html/github-ittt/prdxn-ittt/vendor/laravel/framework/src/Illuminate/Foundation/Console/Kernel.php(107): Illuminate\Foundation\Console\Kernel->getArtisan()
#14 /var/www/html/github-ittt/prdxn-ittt/artisan(36): Illuminate\Foundation\Console\Kernel->handle()
#15 /var/www/html/github-ittt/prdxn-ittt/artisan(0): {main}()
#16 {main}  
[2017-01-17 14:52:34] production.ERROR: exception 'Symfony\Component\Debug\Exception\FatalErrorException' with message 'Class 'App\Commands\Command' not found' in /var/www/html/github-ittt/prdxn-ittt/app/Console/Commands/escalation.php:8
Stack trace:
#0 /var/www/html/github-ittt/prdxn-ittt/vendor/laravel/framework/src/Illuminate/Foundation/Bootstrap/HandleExceptions.php(133): Symfony\Component\Debug\Exception\FatalErrorException->__construct()
#1 /var/www/html/github-ittt/prdxn-ittt/vendor/laravel/framework/src/Illuminate/Foundation/Bootstrap/HandleExceptions.php(118): Illuminate\Foundation\Bootstrap\HandleExceptions->fatalExceptionFromError()
#2 /var/www/html/github-ittt/prdxn-ittt/vendor/laravel/framework/src/Illuminate/Foundation/Bootstrap/HandleExceptions.php(0): Illuminate\Foundation\Bootstrap\HandleExceptions->handleShutdown()
#3 /var/www/html/github-ittt/prdxn-ittt/vendor/composer/ClassLoader.php(412): ()
#4 /var/www/html/github-ittt/prdxn-ittt/vendor/composer/ClassLoader.php(301): Composer\Autoload\includeFile()
#5 /var/www/html/github-ittt/prdxn-ittt/vendor/laravel/framework/src/Illuminate/Container/Container.php(0): Composer\Autoload\ClassLoader->loadClass()
#6 /var/www/html/github-ittt/prdxn-ittt/vendor/laravel/framework/src/Illuminate/Container/Container.php(741): spl_autoload_call()
#7 /var/www/html/github-ittt/prdxn-ittt/vendor/laravel/framework/src/Illuminate/Container/Container.php(741): ReflectionClass->__construct()
#8 /var/www/html/github-ittt/prdxn-ittt/vendor/laravel/framework/src/Illuminate/Container/Container.php(631): Illuminate\Container\Container->build()
#9 /var/www/html/github-ittt/prdxn-ittt/vendor/laravel/framework/src/Illuminate/Foundation/Application.php(674): Illuminate\Container\Container->make()
#10 /var/www/html/github-ittt/prdxn-ittt/vendor/laravel/framework/src/Illuminate/Console/Application.php(115): Illuminate\Foundation\Application->make()
#11 /var/www/html/github-ittt/prdxn-ittt/vendor/laravel/framework/src/Illuminate/Console/Application.php(129): Illuminate\Console\Application->resolve()
#12 /var/www/html/github-ittt/prdxn-ittt/vendor/laravel/framework/src/Illuminate/Foundation/Console/Kernel.php(226): Illuminate\Console\Application->resolveCommands()
#13 /var/www/html/github-ittt/prdxn-ittt/vendor/laravel/framework/src/Illuminate/Foundation/Console/Kernel.php(107): Illuminate\Foundation\Console\Kernel->getArtisan()
#14 /var/www/html/github-ittt/prdxn-ittt/artisan(36): Illuminate\Foundation\Console\Kernel->handle()
#15 /var/www/html/github-ittt/prdxn-ittt/artisan(0): {main}()
#16 {main}  
[2017-01-17 14:53:23] production.ERROR: exception 'Symfony\Component\Debug\Exception\FatalErrorException' with message 'Class 'App\Commands\Command' not found' in /var/www/html/github-ittt/prdxn-ittt/app/Console/Commands/escalation.php:8
Stack trace:
#0 /var/www/html/github-ittt/prdxn-ittt/vendor/laravel/framework/src/Illuminate/Foundation/Bootstrap/HandleExceptions.php(133): Symfony\Component\Debug\Exception\FatalErrorException->__construct()
#1 /var/www/html/github-ittt/prdxn-ittt/vendor/laravel/framework/src/Illuminate/Foundation/Bootstrap/HandleExceptions.php(118): Illuminate\Foundation\Bootstrap\HandleExceptions->fatalExceptionFromError()
#2 /var/www/html/github-ittt/prdxn-ittt/vendor/laravel/framework/src/Illuminate/Foundation/Bootstrap/HandleExceptions.php(0): Illuminate\Foundation\Bootstrap\HandleExceptions->handleShutdown()
#3 /var/www/html/github-ittt/prdxn-ittt/vendor/composer/ClassLoader.php(412): ()
#4 /var/www/html/github-ittt/prdxn-ittt/vendor/composer/ClassLoader.php(301): Composer\Autoload\includeFile()
#5 /var/www/html/github-ittt/prdxn-ittt/vendor/laravel/framework/src/Illuminate/Container/Container.php(0): Composer\Autoload\ClassLoader->loadClass()
#6 /var/www/html/github-ittt/prdxn-ittt/vendor/laravel/framework/src/Illuminate/Container/Container.php(741): spl_autoload_call()
#7 /var/www/html/github-ittt/prdxn-ittt/vendor/laravel/framework/src/Illuminate/Container/Container.php(741): ReflectionClass->__construct()
#8 /var/www/html/github-ittt/prdxn-ittt/vendor/laravel/framework/src/Illuminate/Container/Container.php(631): Illuminate\Container\Container->build()
#9 /var/www/html/github-ittt/prdxn-ittt/vendor/laravel/framework/src/Illuminate/Foundation/Application.php(674): Illuminate\Container\Container->make()
#10 /var/www/html/github-ittt/prdxn-ittt/vendor/laravel/framework/src/Illuminate/Console/Application.php(115): Illuminate\Foundation\Application->make()
#11 /var/www/html/github-ittt/prdxn-ittt/vendor/laravel/framework/src/Illuminate/Console/Application.php(129): Illuminate\Console\Application->resolve()
#12 /var/www/html/github-ittt/prdxn-ittt/vendor/laravel/framework/src/Illuminate/Foundation/Console/Kernel.php(226): Illuminate\Console\Application->resolveCommands()
#13 /var/www/html/github-ittt/prdxn-ittt/vendor/laravel/framework/src/Illuminate/Foundation/Console/Kernel.php(107): Illuminate\Foundation\Console\Kernel->getArtisan()
#14 /var/www/html/github-ittt/prdxn-ittt/artisan(36): Illuminate\Foundation\Console\Kernel->handle()
#15 /var/www/html/github-ittt/prdxn-ittt/artisan(0): {main}()
#16 {main}  
[2017-01-17 15:09:06] production.ERROR: exception 'Symfony\Component\Debug\Exception\FatalErrorException' with message 'Class 'App\Commands\Command' not found' in /var/www/html/github-ittt/prdxn-ittt/app/Console/Commands/escalation.php:8
Stack trace:
#0 /var/www/html/github-ittt/prdxn-ittt/vendor/laravel/framework/src/Illuminate/Foundation/Bootstrap/HandleExceptions.php(133): Symfony\Component\Debug\Exception\FatalErrorException->__construct()
#1 /var/www/html/github-ittt/prdxn-ittt/vendor/laravel/framework/src/Illuminate/Foundation/Bootstrap/HandleExceptions.php(118): Illuminate\Foundation\Bootstrap\HandleExceptions->fatalExceptionFromError()
#2 /var/www/html/github-ittt/prdxn-ittt/vendor/laravel/framework/src/Illuminate/Foundation/Bootstrap/HandleExceptions.php(0): Illuminate\Foundation\Bootstrap\HandleExceptions->handleShutdown()
#3 /var/www/html/github-ittt/prdxn-ittt/vendor/composer/ClassLoader.php(414): ()
#4 /var/www/html/github-ittt/prdxn-ittt/vendor/composer/ClassLoader.php(301): Composer\Autoload\includeFile()
#5 /var/www/html/github-ittt/prdxn-ittt/vendor/laravel/framework/src/Illuminate/Container/Container.php(0): Composer\Autoload\ClassLoader->loadClass()
#6 /var/www/html/github-ittt/prdxn-ittt/vendor/laravel/framework/src/Illuminate/Container/Container.php(741): spl_autoload_call()
#7 /var/www/html/github-ittt/prdxn-ittt/vendor/laravel/framework/src/Illuminate/Container/Container.php(741): ReflectionClass->__construct()
#8 /var/www/html/github-ittt/prdxn-ittt/vendor/laravel/framework/src/Illuminate/Container/Container.php(631): Illuminate\Container\Container->build()
#9 /var/www/html/github-ittt/prdxn-ittt/vendor/laravel/framework/src/Illuminate/Foundation/Application.php(674): Illuminate\Container\Container->make()
#10 /var/www/html/github-ittt/prdxn-ittt/vendor/laravel/framework/src/Illuminate/Console/Application.php(115): Illuminate\Foundation\Application->make()
#11 /var/www/html/github-ittt/prdxn-ittt/vendor/laravel/framework/src/Illuminate/Console/Application.php(129): Illuminate\Console\Application->resolve()
#12 /var/www/html/github-ittt/prdxn-ittt/vendor/laravel/framework/src/Illuminate/Foundation/Console/Kernel.php(226): Illuminate\Console\Application->resolveCommands()
#13 /var/www/html/github-ittt/prdxn-ittt/vendor/laravel/framework/src/Illuminate/Foundation/Console/Kernel.php(107): Illuminate\Foundation\Console\Kernel->getArtisan()
#14 /var/www/html/github-ittt/prdxn-ittt/artisan(36): Illuminate\Foundation\Console\Kernel->handle()
#15 /var/www/html/github-ittt/prdxn-ittt/artisan(0): {main}()
#16 {main}  
